14:30:17.179 [main] INFO  testCases.TC01_AccountRegistrationTest - ***Starting TC01_AccountRegistrationTest***
14:30:18.179 [main] INFO  testCases.TC01_AccountRegistrationTest - Clicked on the MyAcct link
14:30:19.509 [main] INFO  testCases.TC01_AccountRegistrationTest - Clicked on the Register link
14:30:19.538 [main] INFO  testCases.TC01_AccountRegistrationTest - Providing customer data
14:30:21.992 [main] INFO  testCases.TC01_AccountRegistrationTest - Clicked on the Continue
14:30:25.091 [main] INFO  testCases.TC01_AccountRegistrationTest - Verifying the title of the page
14:34:01.436 [main] DEBUG io.netty.util.internal.logging.InternalLoggerFactory - Using Log4J2 as the default logging framework
14:34:01.532 [main] DEBUG io.netty.util.ResourceLeakDetector - -Dio.netty.leakDetection.level: simple
14:34:01.533 [main] DEBUG io.netty.util.ResourceLeakDetector - -Dio.netty.leakDetection.targetRecords: 4
14:34:01.572 [main] DEBUG io.netty.util.ResourceLeakDetectorFactory - Loaded default ResourceLeakDetector: io.netty.util.ResourceLeakDetector@1e008f36
14:34:01.689 [main] DEBUG io.netty.util.internal.PlatformDependent0 - -Dio.netty.noUnsafe: false
14:34:01.689 [main] DEBUG io.netty.util.internal.PlatformDependent0 - Java version: 17
14:34:01.692 [main] DEBUG io.netty.util.internal.PlatformDependent0 - sun.misc.Unsafe.theUnsafe: available
14:34:01.694 [main] DEBUG io.netty.util.internal.PlatformDependent0 - sun.misc.Unsafe.copyMemory: available
14:34:01.697 [main] DEBUG io.netty.util.internal.PlatformDependent0 - sun.misc.Unsafe.storeFence: available
14:34:01.701 [main] DEBUG io.netty.util.internal.PlatformDependent0 - java.nio.Buffer.address: available
14:34:01.704 [main] DEBUG io.netty.util.internal.PlatformDependent0 - direct buffer constructor: unavailable: Reflective setAccessible(true) disabled
14:34:01.707 [main] DEBUG io.netty.util.internal.PlatformDependent0 - java.nio.Bits.unaligned: available, true
14:34:01.711 [main] DEBUG io.netty.util.internal.PlatformDependent0 - jdk.internal.misc.Unsafe.allocateUninitializedArray(int): unavailable: class io.netty.util.internal.PlatformDependent0$7 cannot access class jdk.internal.misc.Unsafe (in module java.base) because module java.base does not export jdk.internal.misc to unnamed module @3551a94
14:34:01.743 [main] DEBUG io.netty.util.internal.PlatformDependent0 - java.nio.DirectByteBuffer.<init>(long, int): unavailable
14:34:01.743 [main] DEBUG io.netty.util.internal.PlatformDependent - sun.misc.Unsafe: available
14:34:01.745 [main] DEBUG io.netty.util.internal.PlatformDependent - maxDirectMemory: 1015021568 bytes (maybe)
14:34:01.746 [main] DEBUG io.netty.util.internal.PlatformDependent - -Dio.netty.tmpdir: C:\Users\nigin\AppData\Local\Temp (java.io.tmpdir)
14:34:01.746 [main] DEBUG io.netty.util.internal.PlatformDependent - -Dio.netty.bitMode: 64 (sun.arch.data.model)
14:34:01.747 [main] DEBUG io.netty.util.internal.PlatformDependent - Platform: Windows
14:34:01.748 [main] DEBUG io.netty.util.internal.PlatformDependent - -Dio.netty.maxDirectMemory: -1 bytes
14:34:01.749 [main] DEBUG io.netty.util.internal.PlatformDependent - -Dio.netty.uninitializedArrayAllocationThreshold: -1
14:34:01.755 [main] DEBUG io.netty.util.internal.CleanerJava9 - java.nio.ByteBuffer.cleaner(): available
14:34:01.756 [main] DEBUG io.netty.util.internal.PlatformDependent - -Dio.netty.noPreferDirect: false
14:34:01.779 [main] DEBUG io.netty.util.internal.PlatformDependent - org.jctools-core.MpscChunkedArrayQueue: available
14:34:01.994 [main] DEBUG io.netty.util.internal.InternalThreadLocalMap - -Dio.netty.threadLocalMap.stringBuilder.initialSize: 1024
14:34:01.994 [main] DEBUG io.netty.util.internal.InternalThreadLocalMap - -Dio.netty.threadLocalMap.stringBuilder.maxSize: 4096
14:34:02.291 [main] DEBUG io.netty.handler.ssl.JdkSslContext - Default protocols (JDK): [TLSv1.3, TLSv1.2] 
14:34:02.292 [main] DEBUG io.netty.handler.ssl.JdkSslContext - Default cipher suites (JDK): [TLS_ECDHE_ECDSA_WITH_AES_256_GCM_SHA384, TLS_ECDHE_ECDSA_WITH_AES_128_GCM_SHA256, TLS_ECDHE_RSA_WITH_AES_128_GCM_SHA256, TLS_ECDHE_RSA_WITH_AES_256_GCM_SHA384, TLS_ECDHE_RSA_WITH_AES_128_CBC_SHA, TLS_ECDHE_RSA_WITH_AES_256_CBC_SHA, TLS_RSA_WITH_AES_128_GCM_SHA256, TLS_RSA_WITH_AES_128_CBC_SHA, TLS_RSA_WITH_AES_256_CBC_SHA, TLS_AES_128_GCM_SHA256, TLS_AES_256_GCM_SHA384]
14:34:02.342 [main] DEBUG io.netty.util.concurrent.GlobalEventExecutor - -Dio.netty.globalEventExecutor.quietPeriodSeconds: 1
14:34:02.391 [main] DEBUG io.netty.channel.MultithreadEventLoopGroup - -Dio.netty.eventLoopThreads: 8
14:34:02.433 [main] DEBUG io.netty.channel.nio.NioEventLoop - -Dio.netty.noKeySetOptimization: false
14:34:02.433 [main] DEBUG io.netty.channel.nio.NioEventLoop - -Dio.netty.selectorAutoRebuildThreshold: 512
14:34:02.595 [main] DEBUG io.netty.buffer.PooledByteBufAllocator - -Dio.netty.allocator.numHeapArenas: 8
14:34:02.595 [main] DEBUG io.netty.buffer.PooledByteBufAllocator - -Dio.netty.allocator.numDirectArenas: 8
14:34:02.596 [main] DEBUG io.netty.buffer.PooledByteBufAllocator - -Dio.netty.allocator.pageSize: 8192
14:34:02.596 [main] DEBUG io.netty.buffer.PooledByteBufAllocator - -Dio.netty.allocator.maxOrder: 9
14:34:02.596 [main] DEBUG io.netty.buffer.PooledByteBufAllocator - -Dio.netty.allocator.chunkSize: 4194304
14:34:02.596 [main] DEBUG io.netty.buffer.PooledByteBufAllocator - -Dio.netty.allocator.smallCacheSize: 256
14:34:02.597 [main] DEBUG io.netty.buffer.PooledByteBufAllocator - -Dio.netty.allocator.normalCacheSize: 64
14:34:02.597 [main] DEBUG io.netty.buffer.PooledByteBufAllocator - -Dio.netty.allocator.maxCachedBufferCapacity: 32768
14:34:02.597 [main] DEBUG io.netty.buffer.PooledByteBufAllocator - -Dio.netty.allocator.cacheTrimInterval: 8192
14:34:02.598 [main] DEBUG io.netty.buffer.PooledByteBufAllocator - -Dio.netty.allocator.cacheTrimIntervalMillis: 0
14:34:02.598 [main] DEBUG io.netty.buffer.PooledByteBufAllocator - -Dio.netty.allocator.useCacheForAllThreads: false
14:34:02.598 [main] DEBUG io.netty.buffer.PooledByteBufAllocator - -Dio.netty.allocator.maxCachedByteBuffersPerChunk: 1023
14:34:02.629 [main] DEBUG io.netty.buffer.ByteBufUtil - -Dio.netty.allocator.type: pooled
14:34:02.629 [main] DEBUG io.netty.buffer.ByteBufUtil - -Dio.netty.threadLocalDirectBufferSize: 0
14:34:02.630 [main] DEBUG io.netty.buffer.ByteBufUtil - -Dio.netty.maxThreadLocalCharBufferSize: 16384
14:34:05.494 [Forwarding newSession on session null to remote] DEBUG io.netty.channel.DefaultChannelId - -Dio.netty.processId: 39284 (auto-detected)
14:34:05.500 [Forwarding newSession on session null to remote] DEBUG io.netty.util.NetUtil - -Djava.net.preferIPv4Stack: false
14:34:05.501 [Forwarding newSession on session null to remote] DEBUG io.netty.util.NetUtil - -Djava.net.preferIPv6Addresses: false
14:34:05.523 [Forwarding newSession on session null to remote] DEBUG io.netty.util.NetUtilInitializations - Loopback interface: lo (Software Loopback Interface 1, 127.0.0.1)
14:34:05.529 [Forwarding newSession on session null to remote] DEBUG io.netty.util.NetUtil - Failed to get SOMAXCONN from sysctl and file \proc\sys\net\core\somaxconn. Default: 200
14:34:05.591 [Forwarding newSession on session null to remote] DEBUG io.netty.channel.DefaultChannelId - -Dio.netty.machineId: 90:32:4b:ff:fe:0f:eb:97 (auto-detected)
14:34:05.758 [AsyncHttpClient-1-2] DEBUG io.netty.buffer.AbstractByteBuf - -Dio.netty.buffer.checkAccessible: true
14:34:05.759 [AsyncHttpClient-1-2] DEBUG io.netty.buffer.AbstractByteBuf - -Dio.netty.buffer.checkBounds: true
14:34:05.759 [AsyncHttpClient-1-2] DEBUG io.netty.util.ResourceLeakDetectorFactory - Loaded default ResourceLeakDetector: io.netty.util.ResourceLeakDetector@43366ce5
14:34:05.852 [AsyncHttpClient-1-2] DEBUG io.netty.util.Recycler - -Dio.netty.recycler.maxCapacityPerThread: 4096
14:34:05.852 [AsyncHttpClient-1-2] DEBUG io.netty.util.Recycler - -Dio.netty.recycler.ratio: 8
14:34:05.852 [AsyncHttpClient-1-2] DEBUG io.netty.util.Recycler - -Dio.netty.recycler.chunkSize: 32
14:34:05.853 [AsyncHttpClient-1-2] DEBUG io.netty.util.Recycler - -Dio.netty.recycler.blocking: false
14:34:05.853 [AsyncHttpClient-1-2] DEBUG io.netty.util.Recycler - -Dio.netty.recycler.batchFastThreadLocalOnly: true
14:34:28.143 [AsyncHttpClient-1-2] DEBUG io.netty.handler.codec.compression.Brotli - brotli4j not in the classpath; Brotli support will be unavailable.
14:34:28.748 [main] DEBUG io.netty.util.internal.ThreadLocalRandom - -Dio.netty.initialSeedUniquifier: 0x1b166e43085b16b1
14:34:33.582 [main] DEBUG testCases.TC01_AccountRegistrationTest - Application logs....
14:34:33.584 [main] INFO  testCases.TC01_AccountRegistrationTest - ***Starting TC01_AccountRegistrationTest***
14:34:36.684 [main] INFO  testCases.TC01_AccountRegistrationTest - Clicked on the MyAcct link
14:34:38.277 [main] INFO  testCases.TC01_AccountRegistrationTest - Clicked on the Register link
14:34:38.301 [main] INFO  testCases.TC01_AccountRegistrationTest - Providing customer data
14:34:40.087 [main] INFO  testCases.TC01_AccountRegistrationTest - Clicked on the Continue
14:34:43.197 [main] INFO  testCases.TC01_AccountRegistrationTest - Verifying the title of the page
14:53:08.158 [main] INFO  testCases.TC01_AccountRegistrationTest - ***Starting TC01_AccountRegistrationTest***
14:53:09.643 [main] INFO  testCases.TC01_AccountRegistrationTest - Clicked on the MyAcct link
14:53:10.689 [main] INFO  testCases.TC01_AccountRegistrationTest - Clicked on the Register link
14:53:10.737 [main] INFO  testCases.TC01_AccountRegistrationTest - Providing customer data
14:53:12.329 [main] INFO  testCases.TC01_AccountRegistrationTest - Clicked on the Continue
14:53:15.426 [main] INFO  testCases.TC01_AccountRegistrationTest - Verifying the title of the page
14:57:56.344 [main] INFO  testCases.TC01_AccountRegistrationTest - ***Starting TC01_AccountRegistrationTest***
14:58:07.822 [main] INFO  testCases.TC01_AccountRegistrationTest - Clicked on the MyAcct link
14:58:12.666 [main] INFO  testCases.TC01_AccountRegistrationTest - Clicked on the Register link
14:58:12.718 [main] INFO  testCases.TC01_AccountRegistrationTest - Providing customer data
14:58:16.765 [main] INFO  testCases.TC01_AccountRegistrationTest - Clicked on the Continue
14:58:19.948 [main] INFO  testCases.TC01_AccountRegistrationTest - Verifying the title of the page
15:10:54.832 [main] INFO  testCases.TC01_AccountRegistrationTest - ***Starting TC01_AccountRegistrationTest***
15:10:55.636 [main] INFO  testCases.TC01_AccountRegistrationTest - Clicked on the MyAcct link
15:10:57.584 [main] INFO  testCases.TC01_AccountRegistrationTest - Clicked on the Register link
15:10:57.622 [main] INFO  testCases.TC01_AccountRegistrationTest - Providing customer data
15:11:00.427 [main] INFO  testCases.TC01_AccountRegistrationTest - Clicked on the Continue
15:11:03.569 [main] INFO  testCases.TC01_AccountRegistrationTest - Verifying the title of the page
15:17:48.597 [TestNG-tests-1] INFO  testCases.TC01_AccountRegistrationTest - ***Starting TC01_AccountRegistrationTest***
15:18:33.074 [TestNG-tests-1] INFO  testCases.TC01_AccountRegistrationTest - Clicked on the MyAcct link
15:18:43.183 [TestNG-tests-1] INFO  testCases.TC01_AccountRegistrationTest - Clicked on the Register link
15:18:43.248 [TestNG-tests-1] INFO  testCases.TC01_AccountRegistrationTest - Providing customer data
15:18:54.905 [TestNG-tests-1] INFO  testCases.TC01_AccountRegistrationTest - Clicked on the Continue
15:18:58.292 [TestNG-tests-1] INFO  testCases.TC01_AccountRegistrationTest - Verifying the title of the page
16:01:42.965 [main] INFO  testCases.TC01_AccountRegistrationTest - ***Starting TC01_AccountRegistrationTest***
16:01:44.469 [main] INFO  testCases.TC01_AccountRegistrationTest - Clicked on the MyAcct link
16:01:45.643 [main] INFO  testCases.TC01_AccountRegistrationTest - Clicked on the Register link
16:01:45.673 [main] INFO  testCases.TC01_AccountRegistrationTest - Providing customer data
16:03:12.854 [main] INFO  testCases.TC01_AccountRegistrationTest - ***Starting TC01_AccountRegistrationTest***
16:03:18.909 [main] INFO  testCases.TC01_AccountRegistrationTest - Clicked on the MyAcct link
16:03:20.962 [main] INFO  testCases.TC01_AccountRegistrationTest - Clicked on the Register link
16:03:20.979 [main] INFO  testCases.TC01_AccountRegistrationTest - Providing customer data
16:03:24.044 [main] INFO  testCases.TC01_AccountRegistrationTest - Clicked on the Continue
16:03:27.217 [main] INFO  testCases.TC01_AccountRegistrationTest - Verifying the title of the page
11:12:04.396 [main] INFO  testCases.TC01_AccountRegistrationTest - ***Starting TC01_AccountRegistrationTest***
11:12:05.855 [main] INFO  testCases.TC01_AccountRegistrationTest - Clicked on the MyAcct link
11:12:08.819 [main] INFO  testCases.TC01_AccountRegistrationTest - Clicked on the Register link
11:12:08.837 [main] INFO  testCases.TC01_AccountRegistrationTest - Providing customer data
11:12:11.655 [main] INFO  testCases.TC01_AccountRegistrationTest - Clicked on the Continue
11:12:15.166 [main] INFO  testCases.TC01_AccountRegistrationTest - Verifying the title of the page
16:25:31.174 [main] INFO  testCases.TC01_AccountRegistrationTest - ***Starting TC01_AccountRegistrationTest***
16:25:32.202 [main] INFO  testCases.TC01_AccountRegistrationTest - Clicked on the MyAcct link
16:25:33.301 [main] INFO  testCases.TC01_AccountRegistrationTest - Clicked on the Register link
16:25:33.321 [main] INFO  testCases.TC01_AccountRegistrationTest - Providing customer data
16:26:51.315 [main] INFO  testCases.TC01_AccountRegistrationTest - ***Starting TC01_AccountRegistrationTest***
16:26:51.499 [main] INFO  testCases.TC01_AccountRegistrationTest - Clicked on the MyAcct link
16:26:53.581 [main] INFO  testCases.TC01_AccountRegistrationTest - Clicked on the Register link
16:26:53.586 [main] INFO  testCases.TC01_AccountRegistrationTest - Providing customer data
16:26:55.002 [main] INFO  testCases.TC01_AccountRegistrationTest - Clicked on the Continue
16:26:58.131 [main] INFO  testCases.TC01_AccountRegistrationTest - Verifying the title of the page
17:04:13.024 [main] INFO  testCases.TC01_AccountRegistrationTest - ***Starting TC01_AccountRegistrationTest***
17:04:13.672 [main] INFO  testCases.TC01_AccountRegistrationTest - Clicked on the MyAcct link
17:04:18.315 [main] INFO  testCases.TC01_AccountRegistrationTest - Clicked on the Register link
17:04:18.394 [main] INFO  testCases.TC01_AccountRegistrationTest - Providing customer data
17:04:25.487 [main] INFO  testCases.TC01_AccountRegistrationTest - Clicked on the Continue
17:04:31.049 [main] INFO  testCases.TC01_AccountRegistrationTest - Verifying the title of the page
17:04:31.055 [main] INFO  testCases.TC01_AccountRegistrationTest - ***Finished TC01_AccountRegistrationTest***
17:13:12.790 [main] INFO  testCases.TC02_LoginTest - ***Starting TC02_LoginTest***
17:13:14.191 [main] INFO  testCases.TC02_LoginTest - Clicked on My Account link
17:13:18.105 [main] INFO  testCases.TC02_LoginTest - Clicked on Login link
17:13:33.134 [main] INFO  testCases.TC02_LoginTest - Clicked on Login button
17:16:26.761 [main] INFO  testCases.TC02_LoginTest - ***Starting TC02_LoginTest***
17:16:27.217 [main] INFO  testCases.TC02_LoginTest - Clicked on My Account link
17:16:29.206 [main] INFO  testCases.TC02_LoginTest - Clicked on Login link
17:16:36.576 [main] INFO  testCases.TC02_LoginTest - Clicked on Login button
17:31:26.408 [main] INFO  testCases.TC02_LoginTest - ***Starting TC02_LoginTest***
17:31:27.664 [main] INFO  testCases.TC02_LoginTest - Clicked on My Account link
17:31:41.194 [main] INFO  testCases.TC02_LoginTest - Clicked on Login link
17:31:45.947 [main] INFO  testCases.TC02_LoginTest - Clicked on Login button
17:35:35.801 [main] INFO  testCases.TC02_LoginTest - ***Starting TC02_LoginTest***
17:35:36.512 [main] INFO  testCases.TC02_LoginTest - Clicked on My Account link
17:35:37.672 [main] INFO  testCases.TC02_LoginTest - Clicked on Login link
17:35:39.841 [main] INFO  testCases.TC02_LoginTest - Clicked on Login button
17:39:59.210 [main] INFO  testCases.TC02_LoginTest - ***Starting TC02_LoginTest***
17:39:59.438 [main] INFO  testCases.TC02_LoginTest - Clicked on My Account link
17:40:01.872 [main] INFO  testCases.TC02_LoginTest - Clicked on Login link
17:40:03.458 [main] INFO  testCases.TC02_LoginTest - Clicked on Login button
17:44:03.886 [main] INFO  testCases.TC02_LoginTest - ***Starting TC02_LoginTest***
17:44:04.648 [main] INFO  testCases.TC02_LoginTest - Clicked on My Account link
17:44:06.233 [main] INFO  testCases.TC02_LoginTest - Clicked on Login link
17:44:08.619 [main] INFO  testCases.TC02_LoginTest - Clicked on Login button
17:47:23.093 [main] INFO  testCases.TC02_LoginTest - ***Starting TC02_LoginTest***
17:47:23.482 [main] INFO  testCases.TC02_LoginTest - Clicked on My Account link
17:47:25.111 [main] INFO  testCases.TC02_LoginTest - Clicked on Login link
17:47:25.864 [main] INFO  testCases.TC02_LoginTest - Clicked on Login button
17:47:30.337 [main] INFO  testCases.TC02_LoginTest - ***Finished TC02_LoginTest***
17:50:33.741 [main] INFO  testCases.TC02_LoginTest - ***Starting TC02_LoginTest***
17:50:35.033 [main] INFO  testCases.TC02_LoginTest - Clicked on My Account link
17:50:39.062 [main] INFO  testCases.TC02_LoginTest - Clicked on Login link
17:50:44.532 [main] INFO  testCases.TC02_LoginTest - Clicked on Login button
17:50:48.282 [main] INFO  testCases.TC02_LoginTest - ***Finished TC02_LoginTest***
14:49:24.065 [main] INFO  testCases.TC02_LoginTest - ***Starting TC02_LoginTest***
14:49:24.868 [main] INFO  testCases.TC02_LoginTest - Clicked on My Account link
14:49:30.846 [main] INFO  testCases.TC02_LoginTest - Clicked on Login link
14:49:31.766 [main] INFO  testCases.TC02_LoginTest - Clicked on Login button
14:49:38.482 [main] INFO  testCases.TC02_LoginTest - ***Finished TC02_LoginTest***
18:47:45.145 [main] INFO  testCases.TC03_LoginDataDrivenTest - ***Starting TC03_LoginDataDrivenTest***
18:47:47.075 [main] INFO  testCases.TC03_LoginDataDrivenTest - Clicked on My Account link
18:47:51.041 [main] INFO  testCases.TC03_LoginDataDrivenTest - Clicked on Login link
18:47:53.038 [main] INFO  testCases.TC03_LoginDataDrivenTest - Clicked on Login button
18:48:12.040 [main] INFO  testCases.TC03_LoginDataDrivenTest - ***Starting TC03_LoginDataDrivenTest***
18:48:13.372 [main] INFO  testCases.TC03_LoginDataDrivenTest - ***Starting TC03_LoginDataDrivenTest***
18:48:13.537 [main] INFO  testCases.TC03_LoginDataDrivenTest - Clicked on My Account link
18:48:33.813 [main] INFO  testCases.TC03_LoginDataDrivenTest - ***Starting TC03_LoginDataDrivenTest***
18:48:33.938 [main] INFO  testCases.TC03_LoginDataDrivenTest - Clicked on My Account link
18:48:55.213 [main] INFO  testCases.TC03_LoginDataDrivenTest - ***Starting TC03_LoginDataDrivenTest***
18:48:55.845 [main] INFO  testCases.TC03_LoginDataDrivenTest - Clicked on My Account link
18:49:16.412 [main] INFO  testCases.TC03_LoginDataDrivenTest - ***Starting TC03_LoginDataDrivenTest***
18:49:16.594 [main] INFO  testCases.TC03_LoginDataDrivenTest - Clicked on My Account link
18:59:52.187 [main] INFO  testCases.TC03_LoginDataDrivenTest - ***Starting TC03_LoginDataDrivenTest***
18:59:54.581 [main] INFO  testCases.TC03_LoginDataDrivenTest - Clicked on My Account link
18:59:56.467 [main] INFO  testCases.TC03_LoginDataDrivenTest - Clicked on Login link
18:59:57.094 [main] INFO  testCases.TC03_LoginDataDrivenTest - Clicked on Login button
19:00:01.603 [main] INFO  testCases.TC03_LoginDataDrivenTest - ***Starting TC03_LoginDataDrivenTest***
19:00:02.965 [main] INFO  testCases.TC03_LoginDataDrivenTest - ***Starting TC03_LoginDataDrivenTest***
19:00:03.076 [main] INFO  testCases.TC03_LoginDataDrivenTest - Clicked on My Account link
19:00:23.433 [main] INFO  testCases.TC03_LoginDataDrivenTest - ***Starting TC03_LoginDataDrivenTest***
19:00:23.558 [main] INFO  testCases.TC03_LoginDataDrivenTest - Clicked on My Account link
19:00:43.778 [main] INFO  testCases.TC03_LoginDataDrivenTest - ***Starting TC03_LoginDataDrivenTest***
19:00:43.889 [main] INFO  testCases.TC03_LoginDataDrivenTest - Clicked on My Account link
19:01:04.211 [main] INFO  testCases.TC03_LoginDataDrivenTest - ***Starting TC03_LoginDataDrivenTest***
19:01:04.339 [main] INFO  testCases.TC03_LoginDataDrivenTest - Clicked on My Account link
21:29:31.209 [main] INFO  testCases.TC03_LoginDataDrivenTest - ***Starting TC03_LoginDataDrivenTest***
21:29:33.447 [main] INFO  testCases.TC03_LoginDataDrivenTest - Clicked on My Account link
21:29:35.925 [main] INFO  testCases.TC03_LoginDataDrivenTest - Clicked on Login link
21:29:37.791 [main] INFO  testCases.TC03_LoginDataDrivenTest - Clicked on Login button
21:29:44.891 [main] INFO  testCases.TC03_LoginDataDrivenTest - ***Finished TC03_LoginDataDrivenTest***
21:29:45.007 [main] INFO  testCases.TC03_LoginDataDrivenTest - ***Starting TC03_LoginDataDrivenTest***
21:29:45.108 [main] INFO  testCases.TC03_LoginDataDrivenTest - Clicked on My Account link
21:29:46.170 [main] INFO  testCases.TC03_LoginDataDrivenTest - Clicked on Login link
21:29:46.688 [main] INFO  testCases.TC03_LoginDataDrivenTest - Clicked on Login button
21:30:06.815 [main] INFO  testCases.TC03_LoginDataDrivenTest - ***Finished TC03_LoginDataDrivenTest***
21:30:06.837 [main] INFO  testCases.TC03_LoginDataDrivenTest - ***Starting TC03_LoginDataDrivenTest***
21:30:07.085 [main] INFO  testCases.TC03_LoginDataDrivenTest - Clicked on My Account link
21:30:10.358 [main] INFO  testCases.TC03_LoginDataDrivenTest - Clicked on Login link
21:30:10.789 [main] INFO  testCases.TC03_LoginDataDrivenTest - Clicked on Login button
21:30:30.852 [main] INFO  testCases.TC03_LoginDataDrivenTest - ***Finished TC03_LoginDataDrivenTest***
21:30:30.861 [main] INFO  testCases.TC03_LoginDataDrivenTest - ***Starting TC03_LoginDataDrivenTest***
21:30:31.022 [main] INFO  testCases.TC03_LoginDataDrivenTest - Clicked on My Account link
21:30:32.735 [main] INFO  testCases.TC03_LoginDataDrivenTest - Clicked on Login link
21:30:33.306 [main] INFO  testCases.TC03_LoginDataDrivenTest - Clicked on Login button
21:30:53.350 [main] INFO  testCases.TC03_LoginDataDrivenTest - ***Finished TC03_LoginDataDrivenTest***
21:30:53.356 [main] INFO  testCases.TC03_LoginDataDrivenTest - ***Starting TC03_LoginDataDrivenTest***
21:30:53.530 [main] INFO  testCases.TC03_LoginDataDrivenTest - Clicked on My Account link
21:30:56.648 [main] INFO  testCases.TC03_LoginDataDrivenTest - Clicked on Login link
21:30:57.092 [main] INFO  testCases.TC03_LoginDataDrivenTest - Clicked on Login button
21:31:17.126 [main] INFO  testCases.TC03_LoginDataDrivenTest - ***Finished TC03_LoginDataDrivenTest***
21:31:17.132 [main] INFO  testCases.TC03_LoginDataDrivenTest - ***Starting TC03_LoginDataDrivenTest***
21:37:05.249 [main] INFO  testCases.TC03_LoginDataDrivenTest - ***Starting TC03_LoginDataDrivenTest***
21:37:06.567 [main] INFO  testCases.TC03_LoginDataDrivenTest - Clicked on My Account link
21:37:07.371 [main] INFO  testCases.TC03_LoginDataDrivenTest - Clicked on Login link
21:37:07.963 [main] INFO  testCases.TC03_LoginDataDrivenTest - Clicked on Login button
21:37:10.905 [main] INFO  testCases.TC03_LoginDataDrivenTest - ***Starting TC03_LoginDataDrivenTest***
21:37:12.200 [main] INFO  testCases.TC03_LoginDataDrivenTest - ***Starting TC03_LoginDataDrivenTest***
21:37:12.301 [main] INFO  testCases.TC03_LoginDataDrivenTest - Clicked on My Account link
21:46:09.188 [main] INFO  testCases.TC03_LoginDataDrivenTest - ***Starting TC03_LoginDataDrivenTest***
21:46:10.574 [main] INFO  testCases.TC03_LoginDataDrivenTest - Clicked on My Account link
21:46:11.806 [main] INFO  testCases.TC03_LoginDataDrivenTest - Clicked on Login link
21:46:12.484 [main] INFO  testCases.TC03_LoginDataDrivenTest - Clicked on Login button
21:46:15.019 [main] INFO  testCases.TC03_LoginDataDrivenTest - ***Starting TC03_LoginDataDrivenTest***
21:46:15.208 [main] INFO  testCases.TC03_LoginDataDrivenTest - Clicked on My Account link
21:50:49.614 [main] INFO  testCases.TC03_LoginDataDrivenTest - ***Starting TC03_LoginDataDrivenTest***
21:50:50.404 [main] INFO  testCases.TC03_LoginDataDrivenTest - Clicked on My Account link
21:50:53.052 [main] INFO  testCases.TC03_LoginDataDrivenTest - Clicked on Login link
21:50:55.655 [main] INFO  testCases.TC03_LoginDataDrivenTest - Clicked on Login button
21:51:08.065 [main] INFO  testCases.TC03_LoginDataDrivenTest - ***Starting TC03_LoginDataDrivenTest***
21:51:08.214 [main] INFO  testCases.TC03_LoginDataDrivenTest - Clicked on My Account link
21:51:28.687 [main] INFO  testCases.TC03_LoginDataDrivenTest - ***Starting TC03_LoginDataDrivenTest***
21:51:28.867 [main] INFO  testCases.TC03_LoginDataDrivenTest - Clicked on My Account link
21:51:49.211 [main] INFO  testCases.TC03_LoginDataDrivenTest - ***Starting TC03_LoginDataDrivenTest***
21:51:49.594 [main] INFO  testCases.TC03_LoginDataDrivenTest - Clicked on My Account link
21:53:09.334 [main] INFO  testCases.TC03_LoginDataDrivenTest - ***Starting TC03_LoginDataDrivenTest***
21:53:09.548 [main] INFO  testCases.TC03_LoginDataDrivenTest - Clicked on My Account link
21:53:11.029 [main] INFO  testCases.TC03_LoginDataDrivenTest - Clicked on Login link
21:53:11.674 [main] INFO  testCases.TC03_LoginDataDrivenTest - Clicked on Login button
21:53:14.909 [main] INFO  testCases.TC03_LoginDataDrivenTest - ***Finished TC03_LoginDataDrivenTest***
21:53:14.964 [main] INFO  testCases.TC03_LoginDataDrivenTest - ***Starting TC03_LoginDataDrivenTest***
21:53:15.107 [main] INFO  testCases.TC03_LoginDataDrivenTest - Clicked on My Account link
21:53:16.325 [main] INFO  testCases.TC03_LoginDataDrivenTest - Clicked on Login link
21:53:16.750 [main] INFO  testCases.TC03_LoginDataDrivenTest - Clicked on Login button
21:53:36.822 [main] INFO  testCases.TC03_LoginDataDrivenTest - ***Finished TC03_LoginDataDrivenTest***
21:53:36.830 [main] INFO  testCases.TC03_LoginDataDrivenTest - ***Starting TC03_LoginDataDrivenTest***
21:53:36.946 [main] INFO  testCases.TC03_LoginDataDrivenTest - Clicked on My Account link
21:53:41.111 [main] INFO  testCases.TC03_LoginDataDrivenTest - Clicked on Login link
21:53:41.547 [main] INFO  testCases.TC03_LoginDataDrivenTest - Clicked on Login button
21:54:01.572 [main] INFO  testCases.TC03_LoginDataDrivenTest - ***Finished TC03_LoginDataDrivenTest***
21:54:01.576 [main] INFO  testCases.TC03_LoginDataDrivenTest - ***Starting TC03_LoginDataDrivenTest***
21:54:01.665 [main] INFO  testCases.TC03_LoginDataDrivenTest - Clicked on My Account link
21:54:02.802 [main] INFO  testCases.TC03_LoginDataDrivenTest - Clicked on Login link
21:54:03.531 [main] INFO  testCases.TC03_LoginDataDrivenTest - Clicked on Login button
21:54:23.564 [main] INFO  testCases.TC03_LoginDataDrivenTest - ***Finished TC03_LoginDataDrivenTest***
21:54:23.573 [main] INFO  testCases.TC03_LoginDataDrivenTest - ***Starting TC03_LoginDataDrivenTest***
21:54:23.743 [main] INFO  testCases.TC03_LoginDataDrivenTest - Clicked on My Account link
21:54:31.862 [main] INFO  testCases.TC03_LoginDataDrivenTest - Clicked on Login link
21:54:32.294 [main] INFO  testCases.TC03_LoginDataDrivenTest - Clicked on Login button
21:54:52.317 [main] INFO  testCases.TC03_LoginDataDrivenTest - ***Finished TC03_LoginDataDrivenTest***
21:54:52.326 [main] INFO  testCases.TC03_LoginDataDrivenTest - ***Starting TC03_LoginDataDrivenTest***
21:54:52.465 [main] INFO  testCases.TC03_LoginDataDrivenTest - Clicked on My Account link
21:54:53.410 [main] INFO  testCases.TC03_LoginDataDrivenTest - Clicked on Login link
21:54:53.929 [main] INFO  testCases.TC03_LoginDataDrivenTest - Clicked on Login button
21:54:57.203 [main] INFO  testCases.TC03_LoginDataDrivenTest - ***Finished TC03_LoginDataDrivenTest***
09:59:25.352 [main] INFO  testCases.TC01_AccountRegistrationTest - ***Starting TC01_AccountRegistrationTest***
09:59:29.037 [main] INFO  testCases.TC01_AccountRegistrationTest - Clicked on the MyAcct link
09:59:37.109 [main] INFO  testCases.TC01_AccountRegistrationTest - Clicked on the Register link
09:59:37.138 [main] INFO  testCases.TC01_AccountRegistrationTest - Providing customer data
09:59:43.554 [main] INFO  testCases.TC01_AccountRegistrationTest - Clicked on the Continue
09:59:48.222 [main] INFO  testCases.TC01_AccountRegistrationTest - Verifying the title of the page
10:01:16.504 [main] INFO  testCases.TC01_AccountRegistrationTest - ***Starting TC01_AccountRegistrationTest***
10:01:17.346 [main] INFO  testCases.TC01_AccountRegistrationTest - Clicked on the MyAcct link
10:01:19.216 [main] INFO  testCases.TC01_AccountRegistrationTest - Clicked on the Register link
10:01:19.316 [main] INFO  testCases.TC01_AccountRegistrationTest - Providing customer data
10:01:20.884 [main] INFO  testCases.TC01_AccountRegistrationTest - Clicked on the Continue
10:01:23.968 [main] INFO  testCases.TC01_AccountRegistrationTest - Verifying the title of the page
10:02:08.306 [main] INFO  testCases.TC02_LoginTest - ***Starting TC02_LoginTest***
10:02:12.371 [main] INFO  testCases.TC02_LoginTest - Clicked on My Account link
10:02:17.027 [main] INFO  testCases.TC02_LoginTest - Clicked on Login link
10:02:19.909 [main] INFO  testCases.TC02_LoginTest - Clicked on Login button
10:02:22.589 [main] INFO  testCases.TC02_LoginTest - ***Finished TC02_LoginTest***
10:24:05.710 [main] INFO  testCases.TC02_LoginTest - ***Starting TC02_LoginTest***
10:24:07.534 [main] INFO  testCases.TC02_LoginTest - Clicked on My Account link
10:24:11.793 [main] INFO  testCases.TC02_LoginTest - Clicked on Login link
10:24:15.153 [main] INFO  testCases.TC02_LoginTest - Clicked on Login button
10:24:17.332 [main] INFO  testCases.TC02_LoginTest - ***Finished TC02_LoginTest***
11:48:58.536 [main] INFO  testCases.TC03_LoginDataDrivenTest - ***Starting TC03_LoginDataDrivenTest***
11:49:00.879 [main] INFO  testCases.TC03_LoginDataDrivenTest - Clicked on My Account link
11:49:04.711 [main] INFO  testCases.TC03_LoginDataDrivenTest - Clicked on Login link
11:49:08.821 [main] INFO  testCases.TC03_LoginDataDrivenTest - Clicked on Login button
11:49:18.441 [main] INFO  testCases.TC03_LoginDataDrivenTest - ***Finished TC03_LoginDataDrivenTest***
11:49:18.545 [main] INFO  testCases.TC03_LoginDataDrivenTest - ***Starting TC03_LoginDataDrivenTest***
11:49:18.857 [main] INFO  testCases.TC03_LoginDataDrivenTest - Clicked on My Account link
11:49:20.900 [main] INFO  testCases.TC03_LoginDataDrivenTest - Clicked on Login link
11:49:21.453 [main] INFO  testCases.TC03_LoginDataDrivenTest - Clicked on Login button
11:49:41.550 [main] INFO  testCases.TC03_LoginDataDrivenTest - ***Finished TC03_LoginDataDrivenTest***
11:49:41.552 [main] INFO  testCases.TC03_LoginDataDrivenTest - ***Starting TC03_LoginDataDrivenTest***
11:49:41.695 [main] INFO  testCases.TC03_LoginDataDrivenTest - Clicked on My Account link
11:49:44.786 [main] INFO  testCases.TC03_LoginDataDrivenTest - Clicked on Login link
11:49:45.214 [main] INFO  testCases.TC03_LoginDataDrivenTest - Clicked on Login button
11:50:05.259 [main] INFO  testCases.TC03_LoginDataDrivenTest - ***Finished TC03_LoginDataDrivenTest***
11:50:05.263 [main] INFO  testCases.TC03_LoginDataDrivenTest - ***Starting TC03_LoginDataDrivenTest***
11:50:05.481 [main] INFO  testCases.TC03_LoginDataDrivenTest - Clicked on My Account link
11:50:08.160 [main] INFO  testCases.TC03_LoginDataDrivenTest - Clicked on Login link
11:50:08.748 [main] INFO  testCases.TC03_LoginDataDrivenTest - Clicked on Login button
11:50:28.794 [main] INFO  testCases.TC03_LoginDataDrivenTest - ***Finished TC03_LoginDataDrivenTest***
11:50:28.797 [main] INFO  testCases.TC03_LoginDataDrivenTest - ***Starting TC03_LoginDataDrivenTest***
11:50:28.927 [main] INFO  testCases.TC03_LoginDataDrivenTest - Clicked on My Account link
11:50:33.143 [main] INFO  testCases.TC03_LoginDataDrivenTest - Clicked on Login link
11:50:33.989 [main] INFO  testCases.TC03_LoginDataDrivenTest - Clicked on Login button
11:50:54.077 [main] INFO  testCases.TC03_LoginDataDrivenTest - ***Finished TC03_LoginDataDrivenTest***
11:50:54.082 [main] INFO  testCases.TC03_LoginDataDrivenTest - ***Starting TC03_LoginDataDrivenTest***
11:50:54.431 [main] INFO  testCases.TC03_LoginDataDrivenTest - Clicked on My Account link
11:50:56.233 [main] INFO  testCases.TC03_LoginDataDrivenTest - Clicked on Login link
11:50:56.729 [main] INFO  testCases.TC03_LoginDataDrivenTest - Clicked on Login button
11:51:00.828 [main] INFO  testCases.TC03_LoginDataDrivenTest - ***Finished TC03_LoginDataDrivenTest***
14:30:00.677 [main] INFO  testCases.TC03_LoginDataDrivenTest - ***Starting TC03_LoginDataDrivenTest***
14:30:01.553 [main] INFO  testCases.TC03_LoginDataDrivenTest - Clicked on My Account link
14:30:07.596 [main] INFO  testCases.TC03_LoginDataDrivenTest - Clicked on Login link
14:30:08.800 [main] INFO  testCases.TC03_LoginDataDrivenTest - Clicked on Login button
14:30:15.174 [main] INFO  testCases.TC03_LoginDataDrivenTest - ***Finished TC03_LoginDataDrivenTest***
14:30:15.327 [main] INFO  testCases.TC03_LoginDataDrivenTest - ***Starting TC03_LoginDataDrivenTest***
14:30:15.483 [main] INFO  testCases.TC03_LoginDataDrivenTest - Clicked on My Account link
14:30:16.642 [main] INFO  testCases.TC03_LoginDataDrivenTest - Clicked on Login link
14:30:17.241 [main] INFO  testCases.TC03_LoginDataDrivenTest - Clicked on Login button
14:30:37.414 [main] INFO  testCases.TC03_LoginDataDrivenTest - ***Finished TC03_LoginDataDrivenTest***
14:30:37.417 [main] INFO  testCases.TC03_LoginDataDrivenTest - ***Starting TC03_LoginDataDrivenTest***
14:30:37.561 [main] INFO  testCases.TC03_LoginDataDrivenTest - Clicked on My Account link
14:30:38.634 [main] INFO  testCases.TC03_LoginDataDrivenTest - Clicked on Login link
14:30:39.161 [main] INFO  testCases.TC03_LoginDataDrivenTest - Clicked on Login button
14:30:59.231 [main] INFO  testCases.TC03_LoginDataDrivenTest - ***Finished TC03_LoginDataDrivenTest***
14:30:59.233 [main] INFO  testCases.TC03_LoginDataDrivenTest - ***Starting TC03_LoginDataDrivenTest***
14:30:59.316 [main] INFO  testCases.TC03_LoginDataDrivenTest - Clicked on My Account link
14:31:01.950 [main] INFO  testCases.TC03_LoginDataDrivenTest - Clicked on Login link
14:31:02.670 [main] INFO  testCases.TC03_LoginDataDrivenTest - Clicked on Login button
14:31:22.808 [main] INFO  testCases.TC03_LoginDataDrivenTest - ***Finished TC03_LoginDataDrivenTest***
14:31:22.813 [main] INFO  testCases.TC03_LoginDataDrivenTest - ***Starting TC03_LoginDataDrivenTest***
14:31:24.850 [main] INFO  testCases.TC03_LoginDataDrivenTest - Clicked on My Account link
14:31:27.801 [main] INFO  testCases.TC03_LoginDataDrivenTest - Clicked on Login link
14:31:28.335 [main] INFO  testCases.TC03_LoginDataDrivenTest - Clicked on Login button
14:31:48.394 [main] INFO  testCases.TC03_LoginDataDrivenTest - ***Finished TC03_LoginDataDrivenTest***
14:31:48.396 [main] INFO  testCases.TC03_LoginDataDrivenTest - ***Starting TC03_LoginDataDrivenTest***
14:31:48.494 [main] INFO  testCases.TC03_LoginDataDrivenTest - Clicked on My Account link
14:31:49.270 [main] INFO  testCases.TC03_LoginDataDrivenTest - Clicked on Login link
14:31:49.934 [main] INFO  testCases.TC03_LoginDataDrivenTest - Clicked on Login button
14:31:53.917 [main] INFO  testCases.TC03_LoginDataDrivenTest - ***Finished TC03_LoginDataDrivenTest***
